May 29, 2023 18:55:28.970 [0x7fa8cd8ecb38] INFO - Plex Tuner Service v1.32.2.7100-248a2daf0 - Docker Docker Container (LinuxServer.io) x86_64 - build: 
May 29, 2023 18:55:28.970 [0x7fa8cd8ecb38] INFO - Linux version: 5.15.94 (#1-NixOS SMP Tue Feb 14 18:18:05 UTC 2023), language: en-US
May 29, 2023 18:55:28.970 [0x7fa8cd8ecb38] INFO - Processor Intel(R) Core(TM) i5-4570 CPU @ 3.20GHz
May 29, 2023 18:55:28.970 [0x7fa8cd8ecb38] INFO - /usr/lib/plexmediaserver/Plex Tuner Service /usr/lib/plexmediaserver/Resources/Tuner/Private /usr/lib/plexmediaserver/Resources/Tuner/Shared 1.32.2.7100-248a2daf0 32600
May 29, 2023 18:55:28.970 [0x7fa8cf35e808] INFO - [I] broker_t::start...
May 29, 2023 18:55:28.979 [0x7fa8cf35e808] INFO - [I] device_manager_t::init.
May 29, 2023 18:55:28.979 [0x7fa8cf35e808] INFO - [I] device_manager_t::init. Initialize provider manager
May 29, 2023 18:55:28.979 [0x7fa8cf35e808] INFO - [I] device_manager_t::init. Initialize all device auxes
May 29, 2023 18:55:28.979 [0x7fa8cf35e808] INFO - [I] dvb_device_factory_t::get_aux_list
May 29, 2023 18:55:28.979 [0x7fa8cf35e808] INFO - [I] tvbutler_aux_t::init
May 29, 2023 18:55:28.982 [0x7fa8cf35e808] INFO - [I] web_server_t::start. Starting web server on port 32600
May 29, 2023 18:55:37.166 [0x7fa8ccf46b38] INFO - [I] web_service_t::process_device_discovery
May 29, 2023 18:55:37.166 [0x7fa8ccf46b38] INFO - [I] device_reactor_t::get_device_list ()
May 29, 2023 18:55:39.170 [0x7fa8ccf46b38] INFO - [I] SAT2IP - discover_satip_servers(): no servers found
May 29, 2023 18:55:39.590 [0x7fa8ccf46b38] INFO - [I] v4l::DeviceGetList_impl. getting v4l device list
May 29, 2023 18:55:39.591 [0x7fa8ccf46b38] INFO - [I] onetv_factory::DeviceGetListEx >>
May 29, 2023 18:55:39.591 [0x7fa8ccf46b38] WARN - [W] onetv_factory::DeviceGetListEx. libusb_init returned an error -99
May 29, 2023 22:04:13.611 [0x7fa8cd049b38] INFO - Received SIGTERM: Software termination signal.
May 29, 2023 22:04:13.626 [0x7fa8cf35e808] INFO - [I] device_manager_t::term
May 29, 2023 22:04:13.626 [0x7fa8cf35e808] INFO - [I] device_manager_t::term. Stop all devices
May 29, 2023 22:04:13.626 [0x7fa8cf35e808] INFO - [I] device_manager_t::term. Shut down all device auxes
May 29, 2023 22:04:13.626 [0x7fa8cf35e808] INFO - [I] tvbutler_aux_t::term
May 29, 2023 22:04:13.627 [0x7fa8cf35e808] INFO - [I] web_server_t::stop. Web server is stopped
May 29, 2023 22:04:13.627 [0x7fa8cf35e808] INFO - [I] device_manager_t::term
May 29, 2023 22:04:13.627 [0x7fa8cf35e808] INFO - [I] device_manager_t::term. Stop all devices
May 29, 2023 22:04:13.627 [0x7fa8cf35e808] INFO - [I] device_manager_t::term. Shut down all device auxes
May 29, 2023 22:04:13.627 [0x7fa8cf35e808] INFO - [I] broker_t::shutdown. Shutdown is completed.
