May 28, 2023 14:37:22.862 [0x7fa1c8328b38] INFO - Plex Tuner Service v1.32.2.7100-248a2daf0 - Docker Docker Container (LinuxServer.io) x86_64 - build: 
May 28, 2023 14:37:22.862 [0x7fa1c8328b38] INFO - Linux version: 5.15.94 (#1-NixOS SMP Tue Feb 14 18:18:05 UTC 2023), language: en-US
May 28, 2023 14:37:22.862 [0x7fa1c8328b38] INFO - Processor Intel(R) Core(TM) i5-4570 CPU @ 3.20GHz
May 28, 2023 14:37:22.862 [0x7fa1c8328b38] INFO - /usr/lib/plexmediaserver/Plex Tuner Service /usr/lib/plexmediaserver/Resources/Tuner/Private /usr/lib/plexmediaserver/Resources/Tuner/Shared 1.32.2.7100-248a2daf0 32600
May 28, 2023 14:37:22.857 [0x7fa1c9d9a808] INFO - [I] broker_t::start...
May 28, 2023 14:37:22.859 [0x7fa1c9d9a808] INFO - [I] device_manager_t::init.
May 28, 2023 14:37:22.859 [0x7fa1c9d9a808] INFO - [I] device_manager_t::init. Initialize provider manager
May 28, 2023 14:37:22.859 [0x7fa1c9d9a808] INFO - [I] device_manager_t::init. Initialize all device auxes
May 28, 2023 14:37:22.859 [0x7fa1c9d9a808] INFO - [I] dvb_device_factory_t::get_aux_list
May 28, 2023 14:37:22.860 [0x7fa1c9d9a808] INFO - [I] tvbutler_aux_t::init
May 28, 2023 14:37:22.863 [0x7fa1c9d9a808] INFO - [I] web_server_t::start. Starting web server on port 32600
May 28, 2023 14:37:30.960 [0x7fa1c7982b38] INFO - [I] web_service_t::process_device_discovery
May 28, 2023 14:37:30.960 [0x7fa1c7982b38] INFO - [I] device_reactor_t::get_device_list ()
May 28, 2023 14:37:32.964 [0x7fa1c7982b38] INFO - [I] SAT2IP - discover_satip_servers(): no servers found
May 28, 2023 14:37:33.384 [0x7fa1c7982b38] INFO - [I] v4l::DeviceGetList_impl. getting v4l device list
May 28, 2023 14:37:33.386 [0x7fa1c7982b38] INFO - [I] onetv_factory::DeviceGetListEx >>
May 28, 2023 14:37:33.386 [0x7fa1c7982b38] WARN - [W] onetv_factory::DeviceGetListEx. libusb_init returned an error -99
May 28, 2023 14:38:54.448 [0x7fa1c9d9a808] INFO - Received SIGINT: Interrupt from keyboard.
May 28, 2023 14:38:54.490 [0x7fa1c9d9a808] INFO - [I] device_manager_t::term
May 28, 2023 14:38:54.490 [0x7fa1c9d9a808] INFO - [I] device_manager_t::term. Stop all devices
May 28, 2023 14:38:54.490 [0x7fa1c9d9a808] INFO - [I] device_manager_t::term. Shut down all device auxes
May 28, 2023 14:38:54.490 [0x7fa1c9d9a808] INFO - [I] tvbutler_aux_t::term
May 28, 2023 14:38:54.490 [0x7fa1c9d9a808] INFO - [I] web_server_t::stop. Web server is stopped
May 28, 2023 14:38:54.490 [0x7fa1c9d9a808] INFO - [I] device_manager_t::term
May 28, 2023 14:38:54.490 [0x7fa1c9d9a808] INFO - [I] device_manager_t::term. Stop all devices
May 28, 2023 14:38:54.490 [0x7fa1c9d9a808] INFO - [I] device_manager_t::term. Shut down all device auxes
May 28, 2023 14:38:54.490 [0x7fa1c9d9a808] INFO - [I] broker_t::shutdown. Shutdown is completed.
